[INFO] 2025-12-04 20:54:38 | Logger initialized successfully
[INFO] 2025-12-04 20:54:39 | Server started on port 8080
[ACTIVITY] 2025-12-04 20:54:42 | [INFO] Cluster:kubernetes-admin@kubernetes | User:ssvd | Viewed cluster overview | Status:200
[ACTIVITY] 2025-12-04 20:54:46 | [INFO] Cluster:kubernetes-admin@kubernetes | User:ssvd | Viewed cluster overview | Status:200
[ACTIVITY] 2025-12-04 20:55:51 | [INFO] Cluster:kubernetes-admin@kubernetes | User:ssvd | Viewed cluster overview | Status:200
[ACTIVITY] 2025-12-04 21:23:19 | [INFO] Cluster:kubernetes-admin@kubernetes | User:ssvd | Viewed cluster overview | Status:200
[ACTIVITY] 2025-12-04 21:24:04 | [INFO] Cluster:kubernetes-admin@kubernetes | User:ssvd | Opened terminal for pod 'kite-debug-f7bcbcbbd-d9c6b' in namespace 'kite' | Status:200
[ACTIVITY] 2025-12-04 21:24:07 | [INFO] Cluster:kubernetes-admin@kubernetes | User:ssvd | Viewed logs for pod 'kite-debug-f7bcbcbbd-d9c6b' in namespace 'kite' | Status:200
[INFO] 2025-12-04 21:24:30 | Shutting down server gracefully...
[INFO] 2025-12-04 21:24:30 | Server shutdown complete
[INFO] 2025-12-04 21:24:36 | Logger initialized successfully
[INFO] 2025-12-04 21:24:36 | Server started on port 8080
[ACTIVITY] 2025-12-04 21:26:17 | [INFO] Cluster:kubernetes-admin@kubernetes | User:ssvd | Viewed logs for pod 'kite-795877d74b-5k5mk' in namespace 'kite' | Status:200
[ACTIVITY] 2025-12-04 21:39:31 | [INFO] Cluster:kubernetes-admin@kubernetes | User:ssvd | Viewed logs for pod 'kite-795877d74b-5k5mk' in namespace 'kite' | Status:200
[ACTIVITY] 2025-12-04 21:39:32 | [INFO] Cluster:kubernetes-admin@kubernetes | User:ssvd | Viewed cluster overview | Status:200
[ACTIVITY] 2025-12-04 21:42:22 | [INFO] Cluster:kubernetes-admin@kubernetes | User:ssvd | Opened terminal for pod 'kite-795877d74b-5k5mk' in namespace 'kite' | Status:200
[INFO] 2025-12-04 21:46:34 | Shutting down server gracefully...
[INFO] 2025-12-04 21:46:34 | Server shutdown complete
[INFO] 2025-12-10 18:11:02 | Logger initialized successfully
[INFO] 2025-12-10 18:11:03 | Server started on port 8080
[ACTIVITY] 2025-12-10 18:11:11 | [INFO] Cluster:kubernetes-admin@kubernetes | User:ssvd | Viewed cluster overview | Status:200
[ACTIVITY] 2025-12-10 18:14:27 | [INFO] Cluster:kubernetes-admin@kubernetes | User:ssvd | Viewed cluster overview | Status:200
[ACTIVITY] 2025-12-10 18:14:52 | [INFO] Cluster:kubernetes-admin@kubernetes | User:ssvd | Viewed cluster overview | Status:200
[ACTIVITY] 2025-12-10 18:15:53 | [INFO] Cluster:kubernetes-admin@kubernetes | User:ssvd | Applied raw resource configuration | Status:200
[ACTIVITY] 2025-12-10 18:17:05 | [INFO] Cluster:kubernetes-admin@kubernetes | User:ssvd | Updated deployments 'kite' in namespace 'cluster-scope' | Status:200
[ACTIVITY] 2025-12-10 18:17:18 | [INFO] Cluster:kubernetes-admin@kubernetes | User:ssvd | Updated deployments 'kite' in namespace 'cluster-scope' | Status:200
[ACTIVITY] 2025-12-10 18:17:32 | [INFO] Cluster:kubernetes-admin@kubernetes | User:ssvd | Updated deployments 'kite' in namespace 'cluster-scope' | Status:200
[INFO] 2025-12-10 18:25:32 | Shutting down server gracefully...
[INFO] 2025-12-10 18:25:32 | Server shutdown complete
[INFO] 2025-12-10 18:25:38 | Logger initialized successfully
[INFO] 2025-12-10 18:25:38 | Server started on port 8080
[ACTIVITY] 2025-12-10 18:26:01 | [WARN] Cluster:kubernetes-admin@kubernetes | User:ssvd | Updated deployments 'kite' in namespace 'cluster-scope' | Status:400
[ACTIVITY] 2025-12-10 18:28:10 | [WARN] Cluster:kubernetes-admin@kubernetes | User:ssvd | Updated deployments 'kite' in namespace 'cluster-scope' | Status:400
[ACTIVITY] 2025-12-10 18:28:28 | [INFO] Cluster:kubernetes-admin@kubernetes | User:ssvd | Deleted deployments 'kite' from namespace 'cluster-scope' | Status:200
[ACTIVITY] 2025-12-10 18:28:41 | [INFO] Cluster:kubernetes-admin@kubernetes | User:ssvd | Viewed cluster overview | Status:200
[ACTIVITY] 2025-12-10 18:37:28 | [INFO] Cluster:kubernetes-admin@kubernetes | User:ssvd | Viewed cluster overview | Status:200
[ACTIVITY] 2025-12-10 18:37:30 | [INFO] Cluster:kubernetes-admin@kubernetes | User:ssvd | Viewed cluster overview | Status:200
[ACTIVITY] 2025-12-10 18:41:11 | [INFO] Cluster:kubernetes-admin@kubernetes | User:ssvd | Viewed cluster overview | Status:200
[ACTIVITY] 2025-12-10 18:50:41 | [WARN] Cluster:kubernetes-admin@kubernetes | User:ssvd | Updated deployments 'crmintelligencepy-default' in namespace 'cluster-scope' | Status:400
[INFO] 2025-12-10 21:05:01 | Shutting down server gracefully...
[INFO] 2025-12-10 21:05:01 | Server shutdown complete
[INFO] 2025-12-10 21:05:09 | Logger initialized successfully
[INFO] 2025-12-10 21:05:10 | Server started on port 8080
[INFO] 2025-12-10 21:06:08 | Shutting down server gracefully...
[INFO] 2025-12-10 21:06:08 | Server shutdown complete
[INFO] 2025-12-10 21:06:12 | Logger initialized successfully
[INFO] 2025-12-10 21:06:12 | Server started on port 8080
[INFO] 2025-12-10 21:06:22 | Shutting down server gracefully...
[INFO] 2025-12-10 21:06:22 | Server shutdown complete
[INFO] 2025-12-12 18:07:07 | Logger initialized successfully
[INFO] 2025-12-12 18:07:08 | Server started on port 8080
[ACTIVITY] 2025-12-12 18:07:21 | [INFO] Cluster:kubernetes-admin@kubernetes | User:ssvd | Viewed cluster overview | Status:200
[ACTIVITY] 2025-12-12 18:14:07 | [INFO] Cluster:kubernetes-admin@kubernetes | User:ssvd | Viewed cluster overview | Status:200
